[debug] [2023-12-15T20:16:14.213Z] ----------------------------------------------------------------------
[debug] [2023-12-15T20:16:14.217Z] Command:       /home/german/.nvm/versions/node/v18.10.0/bin/node /home/german/.nvm/versions/node/v18.10.0/bin/firebase init
[debug] [2023-12-15T20:16:14.218Z] CLI Version:   13.0.2
[debug] [2023-12-15T20:16:14.219Z] Platform:      linux
[debug] [2023-12-15T20:16:14.220Z] Node Version:  v18.10.0
[debug] [2023-12-15T20:16:14.221Z] Time:          Fri Dec 15 2023 17:16:14 GMT-0300 (Argentina Standard Time)
[debug] [2023-12-15T20:16:14.221Z] ----------------------------------------------------------------------
[debug] 
[debug] [2023-12-15T20:16:14.234Z] > command requires scopes: ["email","openid","https://www.googleapis.com/auth/cloudplatformprojects.readonly","https://www.googleapis.com/auth/firebase","https://www.googleapis.com/auth/cloud-platform"]
[debug] [2023-12-15T20:16:14.235Z] > authorizing via signed-in user (germanmendieta123ss@gmail.com)
[info] 
     ######## #### ########  ######## ########     ###     ######  ########
     ##        ##  ##     ## ##       ##     ##  ##   ##  ##       ##
     ######    ##  ########  ######   ########  #########  ######  ######
     ##        ##  ##    ##  ##       ##     ## ##     ##       ## ##
     ##       #### ##     ## ######## ########  ##     ##  ######  ########

You're about to initialize a Firebase project in this directory:

  /home/german/ketosaludable.lpages.co/keto-client

[info] 
=== Project Setup
[info] 
[info] First, let's associate this project directory with a Firebase project.
[info] You can create multiple project aliases by running firebase use --add, 
[info] but for now we'll just set up a default project.
[info] 
[debug] [2023-12-15T20:16:19.134Z] > refreshing access token with scopes: []
[debug] [2023-12-15T20:16:19.137Z] >>> [apiv2][query] POST https://www.googleapis.com/oauth2/v3/token [none]
[debug] [2023-12-15T20:16:19.138Z] >>> [apiv2][body] POST https://www.googleapis.com/oauth2/v3/token [omitted]
[debug] [2023-12-15T20:16:19.302Z] <<< [apiv2][status] POST https://www.googleapis.com/oauth2/v3/token 400
[debug] [2023-12-15T20:16:19.302Z] <<< [apiv2][body] POST https://www.googleapis.com/oauth2/v3/token [omitted]
[debug] [2023-12-15T20:16:19.304Z] >>> [apiv2][query] GET https://firebase.googleapis.com/v1beta1/projects pageSize=100
[debug] [2023-12-15T20:16:19.662Z] <<< [apiv2][status] GET https://firebase.googleapis.com/v1beta1/projects 401
[debug] [2023-12-15T20:16:19.662Z] <<< [apiv2][body] GET https://firebase.googleapis.com/v1beta1/projects [omitted]
[debug] [2023-12-15T20:16:19.663Z] HTTP Error: 401, Request had invalid authentication credentials. Expected OAuth 2 access token, login cookie or other valid authentication credential. See https://developers.google.com/identity/sign-in/web/devconsole-project.
[debug] [2023-12-15T20:16:19.797Z] FirebaseError: HTTP Error: 401, Request had invalid authentication credentials. Expected OAuth 2 access token, login cookie or other valid authentication credential. See https://developers.google.com/identity/sign-in/web/devconsole-project.
    at responseToError (/home/german/.nvm/versions/node/v18.10.0/lib/node_modules/firebase-tools/lib/responseToError.js:49:12)
    at RetryOperation._fn (/home/german/.nvm/versions/node/v18.10.0/lib/node_modules/firebase-tools/lib/apiv2.js:292:77)
    at process.processTicksAndRejections (node:internal/process/task_queues:95:5)
[error] 
[error] Error: Failed to list Firebase projects. See firebase-debug.log for more info.
